

Started GET "/bikes" for ::1 at 2015-07-08 14:26:05 +0200

ActionController::RoutingError (No route matches [GET] "/bikes"):
  actionpack (4.2.2) lib/action_dispatch/middleware/debug_exceptions.rb:21:in `call'
  web-console (2.1.3) lib/web_console/middleware.rb:37:in `call'
  actionpack (4.2.2) lib/action_dispatch/middleware/show_exceptions.rb:30:in `call'
  railties (4.2.2) lib/rails/rack/logger.rb:38:in `call_app'
  railties (4.2.2) lib/rails/rack/logger.rb:20:in `block in call'
  activesupport (4.2.2) lib/active_support/tagged_logging.rb:68:in `block in tagged'
  activesupport (4.2.2) lib/active_support/tagged_logging.rb:26:in `tagged'
  activesupport (4.2.2) lib/active_support/tagged_logging.rb:68:in `tagged'
  railties (4.2.2) lib/rails/rack/logger.rb:20:in `call'
  actionpack (4.2.2) lib/action_dispatch/middleware/request_id.rb:21:in `call'
  rack (1.6.4) lib/rack/methodoverride.rb:22:in `call'
  rack (1.6.4) lib/rack/runtime.rb:18:in `call'
  activesupport (4.2.2) lib/active_support/cache/strategy/local_cache_middleware.rb:28:in `call'
  rack (1.6.4) lib/rack/lock.rb:17:in `call'
  actionpack (4.2.2) lib/action_dispatch/middleware/static.rb:113:in `call'
  rack (1.6.4) lib/rack/sendfile.rb:113:in `call'
  railties (4.2.2) lib/rails/engine.rb:518:in `call'
  railties (4.2.2) lib/rails/application.rb:164:in `call'
  rack (1.6.4) lib/rack/lock.rb:17:in `call'
  rack (1.6.4) lib/rack/content_length.rb:15:in `call'
  rack (1.6.4) lib/rack/handler/webrick.rb:88:in `service'
  /Users/bstoecker/.rbenv/versions/2.2.2/lib/ruby/2.2.0/webrick/httpserver.rb:138:in `service'
  /Users/bstoecker/.rbenv/versions/2.2.2/lib/ruby/2.2.0/webrick/httpserver.rb:94:in `run'
  /Users/bstoecker/.rbenv/versions/2.2.2/lib/ruby/2.2.0/webrick/server.rb:294:in `block in start_thread'


  Rendered /Users/bstoecker/.rbenv/versions/2.2.2/lib/ruby/gems/2.2.0/gems/actionpack-4.2.2/lib/action_dispatch/middleware/templates/rescues/_trace.html.erb (2.0ms)
  Rendered /Users/bstoecker/.rbenv/versions/2.2.2/lib/ruby/gems/2.2.0/gems/actionpack-4.2.2/lib/action_dispatch/middleware/templates/routes/_table.html.erb (16.3ms)
  Rendered /Users/bstoecker/.rbenv/versions/2.2.2/lib/ruby/gems/2.2.0/gems/actionpack-4.2.2/lib/action_dispatch/middleware/templates/rescues/_request_and_response.html.erb (9.4ms)
  Rendered /Users/bstoecker/.rbenv/versions/2.2.2/lib/ruby/gems/2.2.0/gems/actionpack-4.2.2/lib/action_dispatch/middleware/templates/rescues/routing_error.html.erb within rescues/layout (96.4ms)
  Rendered /Users/bstoecker/.rbenv/versions/2.2.2/lib/ruby/gems/2.2.0/gems/web-console-2.1.3/lib/web_console/templates/_markup.html.erb (0.7ms)
  Rendered /Users/bstoecker/.rbenv/versions/2.2.2/lib/ruby/gems/2.2.0/gems/web-console-2.1.3/lib/web_console/templates/style.css.erb within layouts/inlined_string (0.3ms)
  Rendered /Users/bstoecker/.rbenv/versions/2.2.2/lib/ruby/gems/2.2.0/gems/web-console-2.1.3/lib/web_console/templates/_inner_console_markup.html.erb within layouts/inlined_string (0.3ms)
  Rendered /Users/bstoecker/.rbenv/versions/2.2.2/lib/ruby/gems/2.2.0/gems/web-console-2.1.3/lib/web_console/templates/_prompt_box_markup.html.erb within layouts/inlined_string (0.3ms)
  Rendered /Users/bstoecker/.rbenv/versions/2.2.2/lib/ruby/gems/2.2.0/gems/web-console-2.1.3/lib/web_console/templates/console.js.erb within layouts/javascript (63.3ms)
  Rendered /Users/bstoecker/.rbenv/versions/2.2.2/lib/ruby/gems/2.2.0/gems/web-console-2.1.3/lib/web_console/templates/main.js.erb within layouts/javascript (0.3ms)
  Rendered /Users/bstoecker/.rbenv/versions/2.2.2/lib/ruby/gems/2.2.0/gems/web-console-2.1.3/lib/web_console/templates/error_page.js.erb within layouts/javascript (0.4ms)
  Rendered /Users/bstoecker/.rbenv/versions/2.2.2/lib/ruby/gems/2.2.0/gems/web-console-2.1.3/lib/web_console/templates/index.html.erb (150.8ms)


Started GET "/bikes" for ::1 at 2015-07-08 14:26:55 +0200
Processing by BikesController#show as HTML
  Rendered bikes/show.html.erb within layouts/application (1.2ms)
Completed 200 OK in 21ms (Views: 12.5ms | ActiveRecord: 0.0ms)


Started GET "/stylesheets/application.css" for ::1 at 2015-07-08 14:26:56 +0200

ActionController::RoutingError (No route matches [GET] "/stylesheets/application.css"):
  actionpack (4.2.2) lib/action_dispatch/middleware/debug_exceptions.rb:21:in `call'
  web-console (2.1.3) lib/web_console/middleware.rb:37:in `call'
  actionpack (4.2.2) lib/action_dispatch/middleware/show_exceptions.rb:30:in `call'
  railties (4.2.2) lib/rails/rack/logger.rb:38:in `call_app'
  railties (4.2.2) lib/rails/rack/logger.rb:20:in `block in call'
  activesupport (4.2.2) lib/active_support/tagged_logging.rb:68:in `block in tagged'
  activesupport (4.2.2) lib/active_support/tagged_logging.rb:26:in `tagged'
  activesupport (4.2.2) lib/active_support/tagged_logging.rb:68:in `tagged'
  railties (4.2.2) lib/rails/rack/logger.rb:20:in `call'
  actionpack (4.2.2) lib/action_dispatch/middleware/request_id.rb:21:in `call'
  rack (1.6.4) lib/rack/methodoverride.rb:22:in `call'
  rack (1.6.4) lib/rack/runtime.rb:18:in `call'
  activesupport (4.2.2) lib/active_support/cache/strategy/local_cache_middleware.rb:28:in `call'
  rack (1.6.4) lib/rack/lock.rb:17:in `call'
  actionpack (4.2.2) lib/action_dispatch/middleware/static.rb:113:in `call'
  rack (1.6.4) lib/rack/sendfile.rb:113:in `call'
  railties (4.2.2) lib/rails/engine.rb:518:in `call'
  railties (4.2.2) lib/rails/application.rb:164:in `call'
  rack (1.6.4) lib/rack/lock.rb:17:in `call'
  rack (1.6.4) lib/rack/content_length.rb:15:in `call'
  rack (1.6.4) lib/rack/handler/webrick.rb:88:in `service'
  /Users/bstoecker/.rbenv/versions/2.2.2/lib/ruby/2.2.0/webrick/httpserver.rb:138:in `service'
  /Users/bstoecker/.rbenv/versions/2.2.2/lib/ruby/2.2.0/webrick/httpserver.rb:94:in `run'
  /Users/bstoecker/.rbenv/versions/2.2.2/lib/ruby/2.2.0/webrick/server.rb:294:in `block in start_thread'


  Rendered /Users/bstoecker/.rbenv/versions/2.2.2/lib/ruby/gems/2.2.0/gems/actionpack-4.2.2/lib/action_dispatch/middleware/templates/rescues/_trace.html.erb (1.4ms)
  Rendered /Users/bstoecker/.rbenv/versions/2.2.2/lib/ruby/gems/2.2.0/gems/actionpack-4.2.2/lib/action_dispatch/middleware/templates/routes/_route.html.erb (1.0ms)
  Rendered /Users/bstoecker/.rbenv/versions/2.2.2/lib/ruby/gems/2.2.0/gems/actionpack-4.2.2/lib/action_dispatch/middleware/templates/routes/_table.html.erb (9.8ms)
  Rendered /Users/bstoecker/.rbenv/versions/2.2.2/lib/ruby/gems/2.2.0/gems/actionpack-4.2.2/lib/action_dispatch/middleware/templates/rescues/_request_and_response.html.erb (1.3ms)
  Rendered /Users/bstoecker/.rbenv/versions/2.2.2/lib/ruby/gems/2.2.0/gems/actionpack-4.2.2/lib/action_dispatch/middleware/templates/rescues/routing_error.html.erb within rescues/layout (89.7ms)
  Rendered /Users/bstoecker/.rbenv/versions/2.2.2/lib/ruby/gems/2.2.0/gems/web-console-2.1.3/lib/web_console/templates/_markup.html.erb (0.4ms)
  Rendered /Users/bstoecker/.rbenv/versions/2.2.2/lib/ruby/gems/2.2.0/gems/web-console-2.1.3/lib/web_console/templates/style.css.erb within layouts/inlined_string (0.3ms)
  Rendered /Users/bstoecker/.rbenv/versions/2.2.2/lib/ruby/gems/2.2.0/gems/web-console-2.1.3/lib/web_console/templates/_inner_console_markup.html.erb within layouts/inlined_string (0.6ms)
  Rendered /Users/bstoecker/.rbenv/versions/2.2.2/lib/ruby/gems/2.2.0/gems/web-console-2.1.3/lib/web_console/templates/_prompt_box_markup.html.erb within layouts/inlined_string (0.4ms)
  Rendered /Users/bstoecker/.rbenv/versions/2.2.2/lib/ruby/gems/2.2.0/gems/web-console-2.1.3/lib/web_console/templates/console.js.erb within layouts/javascript (55.9ms)
  Rendered /Users/bstoecker/.rbenv/versions/2.2.2/lib/ruby/gems/2.2.0/gems/web-console-2.1.3/lib/web_console/templates/main.js.erb within layouts/javascript (0.3ms)
  Rendered /Users/bstoecker/.rbenv/versions/2.2.2/lib/ruby/gems/2.2.0/gems/web-console-2.1.3/lib/web_console/templates/error_page.js.erb within layouts/javascript (0.5ms)
  Rendered /Users/bstoecker/.rbenv/versions/2.2.2/lib/ruby/gems/2.2.0/gems/web-console-2.1.3/lib/web_console/templates/index.html.erb (123.3ms)


Started GET "/javascripts/application.js" for ::1 at 2015-07-08 14:26:56 +0200

ActionController::RoutingError (No route matches [GET] "/javascripts/application.js"):
  actionpack (4.2.2) lib/action_dispatch/middleware/debug_exceptions.rb:21:in `call'
  web-console (2.1.3) lib/web_console/middleware.rb:37:in `call'
  actionpack (4.2.2) lib/action_dispatch/middleware/show_exceptions.rb:30:in `call'
  railties (4.2.2) lib/rails/rack/logger.rb:38:in `call_app'
  railties (4.2.2) lib/rails/rack/logger.rb:20:in `block in call'
  activesupport (4.2.2) lib/active_support/tagged_logging.rb:68:in `block in tagged'
  activesupport (4.2.2) lib/active_support/tagged_logging.rb:26:in `tagged'
  activesupport (4.2.2) lib/active_support/tagged_logging.rb:68:in `tagged'
  railties (4.2.2) lib/rails/rack/logger.rb:20:in `call'
  actionpack (4.2.2) lib/action_dispatch/middleware/request_id.rb:21:in `call'
  rack (1.6.4) lib/rack/methodoverride.rb:22:in `call'
  rack (1.6.4) lib/rack/runtime.rb:18:in `call'
  activesupport (4.2.2) lib/active_support/cache/strategy/local_cache_middleware.rb:28:in `call'
  rack (1.6.4) lib/rack/lock.rb:17:in `call'
  actionpack (4.2.2) lib/action_dispatch/middleware/static.rb:113:in `call'
  rack (1.6.4) lib/rack/sendfile.rb:113:in `call'
  railties (4.2.2) lib/rails/engine.rb:518:in `call'
  railties (4.2.2) lib/rails/application.rb:164:in `call'
  rack (1.6.4) lib/rack/lock.rb:17:in `call'
  rack (1.6.4) lib/rack/content_length.rb:15:in `call'
  rack (1.6.4) lib/rack/handler/webrick.rb:88:in `service'
  /Users/bstoecker/.rbenv/versions/2.2.2/lib/ruby/2.2.0/webrick/httpserver.rb:138:in `service'
  /Users/bstoecker/.rbenv/versions/2.2.2/lib/ruby/2.2.0/webrick/httpserver.rb:94:in `run'
  /Users/bstoecker/.rbenv/versions/2.2.2/lib/ruby/2.2.0/webrick/server.rb:294:in `block in start_thread'


  Rendered /Users/bstoecker/.rbenv/versions/2.2.2/lib/ruby/gems/2.2.0/gems/actionpack-4.2.2/lib/action_dispatch/middleware/templates/rescues/_trace.html.erb (1.1ms)
  Rendered /Users/bstoecker/.rbenv/versions/2.2.2/lib/ruby/gems/2.2.0/gems/actionpack-4.2.2/lib/action_dispatch/middleware/templates/routes/_route.html.erb (0.7ms)
  Rendered /Users/bstoecker/.rbenv/versions/2.2.2/lib/ruby/gems/2.2.0/gems/actionpack-4.2.2/lib/action_dispatch/middleware/templates/routes/_table.html.erb (1.0ms)
  Rendered /Users/bstoecker/.rbenv/versions/2.2.2/lib/ruby/gems/2.2.0/gems/actionpack-4.2.2/lib/action_dispatch/middleware/templates/rescues/_request_and_response.html.erb (1.0ms)
  Rendered /Users/bstoecker/.rbenv/versions/2.2.2/lib/ruby/gems/2.2.0/gems/actionpack-4.2.2/lib/action_dispatch/middleware/templates/rescues/routing_error.html.erb within rescues/layout (71.4ms)
  Rendered /Users/bstoecker/.rbenv/versions/2.2.2/lib/ruby/gems/2.2.0/gems/web-console-2.1.3/lib/web_console/templates/_markup.html.erb (0.9ms)
  Rendered /Users/bstoecker/.rbenv/versions/2.2.2/lib/ruby/gems/2.2.0/gems/web-console-2.1.3/lib/web_console/templates/style.css.erb within layouts/inlined_string (0.3ms)
  Rendered /Users/bstoecker/.rbenv/versions/2.2.2/lib/ruby/gems/2.2.0/gems/web-console-2.1.3/lib/web_console/templates/_inner_console_markup.html.erb within layouts/inlined_string (0.3ms)
  Rendered /Users/bstoecker/.rbenv/versions/2.2.2/lib/ruby/gems/2.2.0/gems/web-console-2.1.3/lib/web_console/templates/_prompt_box_markup.html.erb within layouts/inlined_string (0.5ms)
  Rendered /Users/bstoecker/.rbenv/versions/2.2.2/lib/ruby/gems/2.2.0/gems/web-console-2.1.3/lib/web_console/templates/console.js.erb within layouts/javascript (59.3ms)
  Rendered /Users/bstoecker/.rbenv/versions/2.2.2/lib/ruby/gems/2.2.0/gems/web-console-2.1.3/lib/web_console/templates/main.js.erb within layouts/javascript (0.4ms)
  Rendered /Users/bstoecker/.rbenv/versions/2.2.2/lib/ruby/gems/2.2.0/gems/web-console-2.1.3/lib/web_console/templates/error_page.js.erb within layouts/javascript (0.8ms)
  Rendered /Users/bstoecker/.rbenv/versions/2.2.2/lib/ruby/gems/2.2.0/gems/web-console-2.1.3/lib/web_console/templates/index.html.erb (134.1ms)


Started GET "/bikes" for ::1 at 2015-07-08 14:35:11 +0200
Processing by BikesController#show as HTML
  Rendered bikes/show.html.erb within layouts/application (1.0ms)
Completed 200 OK in 17ms (Views: 7.9ms | ActiveRecord: 0.0ms)


Started GET "/stylesheets/application.css" for ::1 at 2015-07-08 14:35:11 +0200

ActionController::RoutingError (No route matches [GET] "/stylesheets/application.css"):
  actionpack (4.2.2) lib/action_dispatch/middleware/debug_exceptions.rb:21:in `call'
  web-console (2.1.3) lib/web_console/middleware.rb:37:in `call'
  actionpack (4.2.2) lib/action_dispatch/middleware/show_exceptions.rb:30:in `call'
  railties (4.2.2) lib/rails/rack/logger.rb:38:in `call_app'
  railties (4.2.2) lib/rails/rack/logger.rb:20:in `block in call'
  activesupport (4.2.2) lib/active_support/tagged_logging.rb:68:in `block in tagged'
  activesupport (4.2.2) lib/active_support/tagged_logging.rb:26:in `tagged'
  activesupport (4.2.2) lib/active_support/tagged_logging.rb:68:in `tagged'
  railties (4.2.2) lib/rails/rack/logger.rb:20:in `call'
  actionpack (4.2.2) lib/action_dispatch/middleware/request_id.rb:21:in `call'
  rack (1.6.4) lib/rack/methodoverride.rb:22:in `call'
  rack (1.6.4) lib/rack/runtime.rb:18:in `call'
  activesupport (4.2.2) lib/active_support/cache/strategy/local_cache_middleware.rb:28:in `call'
  rack (1.6.4) lib/rack/lock.rb:17:in `call'
  actionpack (4.2.2) lib/action_dispatch/middleware/static.rb:113:in `call'
  rack (1.6.4) lib/rack/sendfile.rb:113:in `call'
  railties (4.2.2) lib/rails/engine.rb:518:in `call'
  railties (4.2.2) lib/rails/application.rb:164:in `call'
  rack (1.6.4) lib/rack/lock.rb:17:in `call'
  rack (1.6.4) lib/rack/content_length.rb:15:in `call'
  rack (1.6.4) lib/rack/handler/webrick.rb:88:in `service'
  /Users/bstoecker/.rbenv/versions/2.2.2/lib/ruby/2.2.0/webrick/httpserver.rb:138:in `service'
  /Users/bstoecker/.rbenv/versions/2.2.2/lib/ruby/2.2.0/webrick/httpserver.rb:94:in `run'
  /Users/bstoecker/.rbenv/versions/2.2.2/lib/ruby/2.2.0/webrick/server.rb:294:in `block in start_thread'


  Rendered /Users/bstoecker/.rbenv/versions/2.2.2/lib/ruby/gems/2.2.0/gems/actionpack-4.2.2/lib/action_dispatch/middleware/templates/rescues/_trace.html.erb (1.1ms)
  Rendered /Users/bstoecker/.rbenv/versions/2.2.2/lib/ruby/gems/2.2.0/gems/actionpack-4.2.2/lib/action_dispatch/middleware/templates/routes/_route.html.erb (1.8ms)
  Rendered /Users/bstoecker/.rbenv/versions/2.2.2/lib/ruby/gems/2.2.0/gems/actionpack-4.2.2/lib/action_dispatch/middleware/templates/routes/_table.html.erb (7.2ms)
  Rendered /Users/bstoecker/.rbenv/versions/2.2.2/lib/ruby/gems/2.2.0/gems/actionpack-4.2.2/lib/action_dispatch/middleware/templates/rescues/_request_and_response.html.erb (1.3ms)
  Rendered /Users/bstoecker/.rbenv/versions/2.2.2/lib/ruby/gems/2.2.0/gems/actionpack-4.2.2/lib/action_dispatch/middleware/templates/rescues/routing_error.html.erb within rescues/layout (92.4ms)
  Rendered /Users/bstoecker/.rbenv/versions/2.2.2/lib/ruby/gems/2.2.0/gems/web-console-2.1.3/lib/web_console/templates/_markup.html.erb (0.8ms)
  Rendered /Users/bstoecker/.rbenv/versions/2.2.2/lib/ruby/gems/2.2.0/gems/web-console-2.1.3/lib/web_console/templates/style.css.erb within layouts/inlined_string (0.7ms)
  Rendered /Users/bstoecker/.rbenv/versions/2.2.2/lib/ruby/gems/2.2.0/gems/web-console-2.1.3/lib/web_console/templates/_inner_console_markup.html.erb within layouts/inlined_string (0.4ms)
  Rendered /Users/bstoecker/.rbenv/versions/2.2.2/lib/ruby/gems/2.2.0/gems/web-console-2.1.3/lib/web_console/templates/_prompt_box_markup.html.erb within layouts/inlined_string (0.3ms)
  Rendered /Users/bstoecker/.rbenv/versions/2.2.2/lib/ruby/gems/2.2.0/gems/web-console-2.1.3/lib/web_console/templates/console.js.erb within layouts/javascript (51.7ms)
  Rendered /Users/bstoecker/.rbenv/versions/2.2.2/lib/ruby/gems/2.2.0/gems/web-console-2.1.3/lib/web_console/templates/main.js.erb within layouts/javascript (0.7ms)
  Rendered /Users/bstoecker/.rbenv/versions/2.2.2/lib/ruby/gems/2.2.0/gems/web-console-2.1.3/lib/web_console/templates/error_page.js.erb within layouts/javascript (0.5ms)
  Rendered /Users/bstoecker/.rbenv/versions/2.2.2/lib/ruby/gems/2.2.0/gems/web-console-2.1.3/lib/web_console/templates/index.html.erb (120.6ms)


Started GET "/javascripts/application.js" for ::1 at 2015-07-08 14:35:11 +0200

ActionController::RoutingError (No route matches [GET] "/javascripts/application.js"):
  actionpack (4.2.2) lib/action_dispatch/middleware/debug_exceptions.rb:21:in `call'
  web-console (2.1.3) lib/web_console/middleware.rb:37:in `call'
  actionpack (4.2.2) lib/action_dispatch/middleware/show_exceptions.rb:30:in `call'
  railties (4.2.2) lib/rails/rack/logger.rb:38:in `call_app'
  railties (4.2.2) lib/rails/rack/logger.rb:20:in `block in call'
  activesupport (4.2.2) lib/active_support/tagged_logging.rb:68:in `block in tagged'
  activesupport (4.2.2) lib/active_support/tagged_logging.rb:26:in `tagged'
  activesupport (4.2.2) lib/active_support/tagged_logging.rb:68:in `tagged'
  railties (4.2.2) lib/rails/rack/logger.rb:20:in `call'
  actionpack (4.2.2) lib/action_dispatch/middleware/request_id.rb:21:in `call'
  rack (1.6.4) lib/rack/methodoverride.rb:22:in `call'
  rack (1.6.4) lib/rack/runtime.rb:18:in `call'
  activesupport (4.2.2) lib/active_support/cache/strategy/local_cache_middleware.rb:28:in `call'
  rack (1.6.4) lib/rack/lock.rb:17:in `call'
  actionpack (4.2.2) lib/action_dispatch/middleware/static.rb:113:in `call'
  rack (1.6.4) lib/rack/sendfile.rb:113:in `call'
  railties (4.2.2) lib/rails/engine.rb:518:in `call'
  railties (4.2.2) lib/rails/application.rb:164:in `call'
  rack (1.6.4) lib/rack/lock.rb:17:in `call'
  rack (1.6.4) lib/rack/content_length.rb:15:in `call'
  rack (1.6.4) lib/rack/handler/webrick.rb:88:in `service'
  /Users/bstoecker/.rbenv/versions/2.2.2/lib/ruby/2.2.0/webrick/httpserver.rb:138:in `service'
  /Users/bstoecker/.rbenv/versions/2.2.2/lib/ruby/2.2.0/webrick/httpserver.rb:94:in `run'
  /Users/bstoecker/.rbenv/versions/2.2.2/lib/ruby/2.2.0/webrick/server.rb:294:in `block in start_thread'


  Rendered /Users/bstoecker/.rbenv/versions/2.2.2/lib/ruby/gems/2.2.0/gems/actionpack-4.2.2/lib/action_dispatch/middleware/templates/rescues/_trace.html.erb (1.4ms)
  Rendered /Users/bstoecker/.rbenv/versions/2.2.2/lib/ruby/gems/2.2.0/gems/actionpack-4.2.2/lib/action_dispatch/middleware/templates/routes/_route.html.erb (0.6ms)
  Rendered /Users/bstoecker/.rbenv/versions/2.2.2/lib/ruby/gems/2.2.0/gems/actionpack-4.2.2/lib/action_dispatch/middleware/templates/routes/_table.html.erb (1.2ms)
  Rendered /Users/bstoecker/.rbenv/versions/2.2.2/lib/ruby/gems/2.2.0/gems/actionpack-4.2.2/lib/action_dispatch/middleware/templates/rescues/_request_and_response.html.erb (1.2ms)
  Rendered /Users/bstoecker/.rbenv/versions/2.2.2/lib/ruby/gems/2.2.0/gems/actionpack-4.2.2/lib/action_dispatch/middleware/templates/rescues/routing_error.html.erb within rescues/layout (72.5ms)
  Rendered /Users/bstoecker/.rbenv/versions/2.2.2/lib/ruby/gems/2.2.0/gems/web-console-2.1.3/lib/web_console/templates/_markup.html.erb (0.4ms)
  Rendered /Users/bstoecker/.rbenv/versions/2.2.2/lib/ruby/gems/2.2.0/gems/web-console-2.1.3/lib/web_console/templates/style.css.erb within layouts/inlined_string (0.4ms)
  Rendered /Users/bstoecker/.rbenv/versions/2.2.2/lib/ruby/gems/2.2.0/gems/web-console-2.1.3/lib/web_console/templates/_inner_console_markup.html.erb within layouts/inlined_string (1.1ms)
  Rendered /Users/bstoecker/.rbenv/versions/2.2.2/lib/ruby/gems/2.2.0/gems/web-console-2.1.3/lib/web_console/templates/_prompt_box_markup.html.erb within layouts/inlined_string (1.7ms)
  Rendered /Users/bstoecker/.rbenv/versions/2.2.2/lib/ruby/gems/2.2.0/gems/web-console-2.1.3/lib/web_console/templates/console.js.erb within layouts/javascript (58.8ms)
  Rendered /Users/bstoecker/.rbenv/versions/2.2.2/lib/ruby/gems/2.2.0/gems/web-console-2.1.3/lib/web_console/templates/main.js.erb within layouts/javascript (0.3ms)
  Rendered /Users/bstoecker/.rbenv/versions/2.2.2/lib/ruby/gems/2.2.0/gems/web-console-2.1.3/lib/web_console/templates/error_page.js.erb within layouts/javascript (1.3ms)
  Rendered /Users/bstoecker/.rbenv/versions/2.2.2/lib/ruby/gems/2.2.0/gems/web-console-2.1.3/lib/web_console/templates/index.html.erb (135.0ms)


Started GET "/bikes" for ::1 at 2015-07-08 14:35:17 +0200
Processing by BikesController#show as HTML
  Rendered bikes/show.html.erb within layouts/application (0.0ms)
Completed 200 OK in 5ms (Views: 3.4ms | ActiveRecord: 0.0ms)


Started GET "/stylesheets/application.css" for ::1 at 2015-07-08 14:35:17 +0200

ActionController::RoutingError (No route matches [GET] "/stylesheets/application.css"):
  actionpack (4.2.2) lib/action_dispatch/middleware/debug_exceptions.rb:21:in `call'
  web-console (2.1.3) lib/web_console/middleware.rb:37:in `call'
  actionpack (4.2.2) lib/action_dispatch/middleware/show_exceptions.rb:30:in `call'
  railties (4.2.2) lib/rails/rack/logger.rb:38:in `call_app'
  railties (4.2.2) lib/rails/rack/logger.rb:20:in `block in call'
  activesupport (4.2.2) lib/active_support/tagged_logging.rb:68:in `block in tagged'
  activesupport (4.2.2) lib/active_support/tagged_logging.rb:26:in `tagged'
  activesupport (4.2.2) lib/active_support/tagged_logging.rb:68:in `tagged'
  railties (4.2.2) lib/rails/rack/logger.rb:20:in `call'
  actionpack (4.2.2) lib/action_dispatch/middleware/request_id.rb:21:in `call'
  rack (1.6.4) lib/rack/methodoverride.rb:22:in `call'
  rack (1.6.4) lib/rack/runtime.rb:18:in `call'
  activesupport (4.2.2) lib/active_support/cache/strategy/local_cache_middleware.rb:28:in `call'
  rack (1.6.4) lib/rack/lock.rb:17:in `call'
  actionpack (4.2.2) lib/action_dispatch/middleware/static.rb:113:in `call'
  rack (1.6.4) lib/rack/sendfile.rb:113:in `call'
  railties (4.2.2) lib/rails/engine.rb:518:in `call'
  railties (4.2.2) lib/rails/application.rb:164:in `call'
  rack (1.6.4) lib/rack/lock.rb:17:in `call'
  rack (1.6.4) lib/rack/content_length.rb:15:in `call'
  rack (1.6.4) lib/rack/handler/webrick.rb:88:in `service'
  /Users/bstoecker/.rbenv/versions/2.2.2/lib/ruby/2.2.0/webrick/httpserver.rb:138:in `service'
  /Users/bstoecker/.rbenv/versions/2.2.2/lib/ruby/2.2.0/webrick/httpserver.rb:94:in `run'
  /Users/bstoecker/.rbenv/versions/2.2.2/lib/ruby/2.2.0/webrick/server.rb:294:in `block in start_thread'


  Rendered /Users/bstoecker/.rbenv/versions/2.2.2/lib/ruby/gems/2.2.0/gems/actionpack-4.2.2/lib/action_dispatch/middleware/templates/rescues/_trace.html.erb (4.1ms)
  Rendered /Users/bstoecker/.rbenv/versions/2.2.2/lib/ruby/gems/2.2.0/gems/actionpack-4.2.2/lib/action_dispatch/middleware/templates/routes/_route.html.erb (0.6ms)
  Rendered /Users/bstoecker/.rbenv/versions/2.2.2/lib/ruby/gems/2.2.0/gems/actionpack-4.2.2/lib/action_dispatch/middleware/templates/routes/_table.html.erb (1.4ms)
  Rendered /Users/bstoecker/.rbenv/versions/2.2.2/lib/ruby/gems/2.2.0/gems/actionpack-4.2.2/lib/action_dispatch/middleware/templates/rescues/_request_and_response.html.erb (3.3ms)
  Rendered /Users/bstoecker/.rbenv/versions/2.2.2/lib/ruby/gems/2.2.0/gems/actionpack-4.2.2/lib/action_dispatch/middleware/templates/rescues/routing_error.html.erb within rescues/layout (97.3ms)
  Rendered /Users/bstoecker/.rbenv/versions/2.2.2/lib/ruby/gems/2.2.0/gems/web-console-2.1.3/lib/web_console/templates/_markup.html.erb (0.4ms)
  Rendered /Users/bstoecker/.rbenv/versions/2.2.2/lib/ruby/gems/2.2.0/gems/web-console-2.1.3/lib/web_console/templates/style.css.erb within layouts/inlined_string (0.7ms)
  Rendered /Users/bstoecker/.rbenv/versions/2.2.2/lib/ruby/gems/2.2.0/gems/web-console-2.1.3/lib/web_console/templates/_inner_console_markup.html.erb within layouts/inlined_string (0.3ms)
  Rendered /Users/bstoecker/.rbenv/versions/2.2.2/lib/ruby/gems/2.2.0/gems/web-console-2.1.3/lib/web_console/templates/_prompt_box_markup.html.erb within layouts/inlined_string (1.1ms)
  Rendered /Users/bstoecker/.rbenv/versions/2.2.2/lib/ruby/gems/2.2.0/gems/web-console-2.1.3/lib/web_console/templates/console.js.erb within layouts/javascript (63.2ms)
  Rendered /Users/bstoecker/.rbenv/versions/2.2.2/lib/ruby/gems/2.2.0/gems/web-console-2.1.3/lib/web_console/templates/main.js.erb within layouts/javascript (1.2ms)
  Rendered /Users/bstoecker/.rbenv/versions/2.2.2/lib/ruby/gems/2.2.0/gems/web-console-2.1.3/lib/web_console/templates/error_page.js.erb within layouts/javascript (0.4ms)
  Rendered /Users/bstoecker/.rbenv/versions/2.2.2/lib/ruby/gems/2.2.0/gems/web-console-2.1.3/lib/web_console/templates/index.html.erb (157.7ms)


Started GET "/javascripts/application.js" for ::1 at 2015-07-08 14:35:18 +0200

ActionController::RoutingError (No route matches [GET] "/javascripts/application.js"):
  actionpack (4.2.2) lib/action_dispatch/middleware/debug_exceptions.rb:21:in `call'
  web-console (2.1.3) lib/web_console/middleware.rb:37:in `call'
  actionpack (4.2.2) lib/action_dispatch/middleware/show_exceptions.rb:30:in `call'
  railties (4.2.2) lib/rails/rack/logger.rb:38:in `call_app'
  railties (4.2.2) lib/rails/rack/logger.rb:20:in `block in call'
  activesupport (4.2.2) lib/active_support/tagged_logging.rb:68:in `block in tagged'
  activesupport (4.2.2) lib/active_support/tagged_logging.rb:26:in `tagged'
  activesupport (4.2.2) lib/active_support/tagged_logging.rb:68:in `tagged'
  railties (4.2.2) lib/rails/rack/logger.rb:20:in `call'
  actionpack (4.2.2) lib/action_dispatch/middleware/request_id.rb:21:in `call'
  rack (1.6.4) lib/rack/methodoverride.rb:22:in `call'
  rack (1.6.4) lib/rack/runtime.rb:18:in `call'
  activesupport (4.2.2) lib/active_support/cache/strategy/local_cache_middleware.rb:28:in `call'
  rack (1.6.4) lib/rack/lock.rb:17:in `call'
  actionpack (4.2.2) lib/action_dispatch/middleware/static.rb:113:in `call'
  rack (1.6.4) lib/rack/sendfile.rb:113:in `call'
  railties (4.2.2) lib/rails/engine.rb:518:in `call'
  railties (4.2.2) lib/rails/application.rb:164:in `call'
  rack (1.6.4) lib/rack/lock.rb:17:in `call'
  rack (1.6.4) lib/rack/content_length.rb:15:in `call'
  rack (1.6.4) lib/rack/handler/webrick.rb:88:in `service'
  /Users/bstoecker/.rbenv/versions/2.2.2/lib/ruby/2.2.0/webrick/httpserver.rb:138:in `service'
  /Users/bstoecker/.rbenv/versions/2.2.2/lib/ruby/2.2.0/webrick/httpserver.rb:94:in `run'
  /Users/bstoecker/.rbenv/versions/2.2.2/lib/ruby/2.2.0/webrick/server.rb:294:in `block in start_thread'


  Rendered /Users/bstoecker/.rbenv/versions/2.2.2/lib/ruby/gems/2.2.0/gems/actionpack-4.2.2/lib/action_dispatch/middleware/templates/rescues/_trace.html.erb (2.4ms)
  Rendered /Users/bstoecker/.rbenv/versions/2.2.2/lib/ruby/gems/2.2.0/gems/actionpack-4.2.2/lib/action_dispatch/middleware/templates/routes/_route.html.erb (0.7ms)
  Rendered /Users/bstoecker/.rbenv/versions/2.2.2/lib/ruby/gems/2.2.0/gems/actionpack-4.2.2/lib/action_dispatch/middleware/templates/routes/_table.html.erb (4.4ms)
  Rendered /Users/bstoecker/.rbenv/versions/2.2.2/lib/ruby/gems/2.2.0/gems/actionpack-4.2.2/lib/action_dispatch/middleware/templates/rescues/_request_and_response.html.erb (1.7ms)
  Rendered /Users/bstoecker/.rbenv/versions/2.2.2/lib/ruby/gems/2.2.0/gems/actionpack-4.2.2/lib/action_dispatch/middleware/templates/rescues/routing_error.html.erb within rescues/layout (77.6ms)
  Rendered /Users/bstoecker/.rbenv/versions/2.2.2/lib/ruby/gems/2.2.0/gems/web-console-2.1.3/lib/web_console/templates/_markup.html.erb (0.6ms)
  Rendered /Users/bstoecker/.rbenv/versions/2.2.2/lib/ruby/gems/2.2.0/gems/web-console-2.1.3/lib/web_console/templates/style.css.erb within layouts/inlined_string (0.3ms)
  Rendered /Users/bstoecker/.rbenv/versions/2.2.2/lib/ruby/gems/2.2.0/gems/web-console-2.1.3/lib/web_console/templates/_inner_console_markup.html.erb within layouts/inlined_string (0.4ms)
  Rendered /Users/bstoecker/.rbenv/versions/2.2.2/lib/ruby/gems/2.2.0/gems/web-console-2.1.3/lib/web_console/templates/_prompt_box_markup.html.erb within layouts/inlined_string (0.3ms)
  Rendered /Users/bstoecker/.rbenv/versions/2.2.2/lib/ruby/gems/2.2.0/gems/web-console-2.1.3/lib/web_console/templates/console.js.erb within layouts/javascript (51.6ms)
  Rendered /Users/bstoecker/.rbenv/versions/2.2.2/lib/ruby/gems/2.2.0/gems/web-console-2.1.3/lib/web_console/templates/main.js.erb within layouts/javascript (0.4ms)
  Rendered /Users/bstoecker/.rbenv/versions/2.2.2/lib/ruby/gems/2.2.0/gems/web-console-2.1.3/lib/web_console/templates/error_page.js.erb within layouts/javascript (0.4ms)
  Rendered /Users/bstoecker/.rbenv/versions/2.2.2/lib/ruby/gems/2.2.0/gems/web-console-2.1.3/lib/web_console/templates/index.html.erb (117.2ms)


Started GET "/bikes" for ::1 at 2015-07-09 03:49:30 +0200
Processing by BikesController#show as HTML
  Rendered bikes/show.html.erb within layouts/application (2.6ms)
Completed 200 OK in 1508ms (Views: 1498.7ms | ActiveRecord: 0.0ms)


Started GET "/assets/application.css" for ::1 at 2015-07-09 03:49:32 +0200


Started GET "/assets/application.js" for ::1 at 2015-07-09 03:49:32 +0200


Started GET "/bikes" for ::1 at 2015-07-09 03:52:00 +0200
Processing by BikesController#index as HTML
  Rendered bikes/index.html.erb within layouts/application (9.2ms)
Completed 500 Internal Server Error in 13ms (ActiveRecord: 0.0ms)

ActionView::Template::Error (undefined method `number_of_gears' for nil:NilClass):
    12:       </div>
    13:       <div>
    14:         Gear Data:
    15:           <span> Number of gears: <%= bike.gear.number_of_gears %> </span>
    16:           <span> Number of gears: <%= bike.gear.producer %> </span>
    17:           <span> Number of gears: <%= bike.gear.type %> </span>
    18:       </div>
  app/views/bikes/index.html.erb:15:in `block in _app_views_bikes_index_html_erb__487944620542101712_70146963678540'
  app/views/bikes/index.html.erb:5:in `each'
  app/views/bikes/index.html.erb:5:in `_app_views_bikes_index_html_erb__487944620542101712_70146963678540'


  Rendered /Users/bstoecker/.rbenv/versions/2.2.2/lib/ruby/gems/2.2.0/gems/actionpack-4.2.2/lib/action_dispatch/middleware/templates/rescues/_source.erb (7.3ms)
  Rendered /Users/bstoecker/.rbenv/versions/2.2.2/lib/ruby/gems/2.2.0/gems/actionpack-4.2.2/lib/action_dispatch/middleware/templates/rescues/_trace.html.erb (4.2ms)
  Rendered /Users/bstoecker/.rbenv/versions/2.2.2/lib/ruby/gems/2.2.0/gems/actionpack-4.2.2/lib/action_dispatch/middleware/templates/rescues/_request_and_response.html.erb (1.2ms)
  Rendered /Users/bstoecker/.rbenv/versions/2.2.2/lib/ruby/gems/2.2.0/gems/actionpack-4.2.2/lib/action_dispatch/middleware/templates/rescues/template_error.html.erb within rescues/layout (71.8ms)
  Rendered /Users/bstoecker/.rbenv/versions/2.2.2/lib/ruby/gems/2.2.0/gems/web-console-2.1.3/lib/web_console/templates/_markup.html.erb (0.4ms)
  Rendered /Users/bstoecker/.rbenv/versions/2.2.2/lib/ruby/gems/2.2.0/gems/web-console-2.1.3/lib/web_console/templates/style.css.erb within layouts/inlined_string (0.3ms)
  Rendered /Users/bstoecker/.rbenv/versions/2.2.2/lib/ruby/gems/2.2.0/gems/web-console-2.1.3/lib/web_console/templates/_inner_console_markup.html.erb within layouts/inlined_string (0.3ms)
  Rendered /Users/bstoecker/.rbenv/versions/2.2.2/lib/ruby/gems/2.2.0/gems/web-console-2.1.3/lib/web_console/templates/_prompt_box_markup.html.erb within layouts/inlined_string (0.3ms)
  Rendered /Users/bstoecker/.rbenv/versions/2.2.2/lib/ruby/gems/2.2.0/gems/web-console-2.1.3/lib/web_console/templates/console.js.erb within layouts/javascript (62.1ms)
  Rendered /Users/bstoecker/.rbenv/versions/2.2.2/lib/ruby/gems/2.2.0/gems/web-console-2.1.3/lib/web_console/templates/main.js.erb within layouts/javascript (0.4ms)
  Rendered /Users/bstoecker/.rbenv/versions/2.2.2/lib/ruby/gems/2.2.0/gems/web-console-2.1.3/lib/web_console/templates/error_page.js.erb within layouts/javascript (0.5ms)
  Rendered /Users/bstoecker/.rbenv/versions/2.2.2/lib/ruby/gems/2.2.0/gems/web-console-2.1.3/lib/web_console/templates/index.html.erb (144.5ms)


Started GET "/bikes" for ::1 at 2015-07-09 03:52:50 +0200
Processing by BikesController#index as HTML
  Rendered bikes/index.html.erb within layouts/application (2.8ms)
Completed 500 Internal Server Error in 6ms (ActiveRecord: 0.0ms)

ActionView::Template::Error (undefined method `number_of_gears' for 0:Fixnum):
    12:       </div>
    13:       <div>
    14:         Gear Data:
    15:           <span> Number of gears: <%= bike.gears.number_of_gears %> </span>
    16:           <span> Number of gears: <%= bike.gears.producer %> </span>
    17:           <span> Number of gears: <%= bike.gears.type %> </span>
    18:       </div>
  app/views/bikes/index.html.erb:15:in `block in _app_views_bikes_index_html_erb__487944620542101712_70146926265980'
  app/views/bikes/index.html.erb:5:in `each'
  app/views/bikes/index.html.erb:5:in `_app_views_bikes_index_html_erb__487944620542101712_70146926265980'


  Rendered /Users/bstoecker/.rbenv/versions/2.2.2/lib/ruby/gems/2.2.0/gems/actionpack-4.2.2/lib/action_dispatch/middleware/templates/rescues/_source.erb (6.6ms)
  Rendered /Users/bstoecker/.rbenv/versions/2.2.2/lib/ruby/gems/2.2.0/gems/actionpack-4.2.2/lib/action_dispatch/middleware/templates/rescues/_trace.html.erb (2.2ms)
  Rendered /Users/bstoecker/.rbenv/versions/2.2.2/lib/ruby/gems/2.2.0/gems/actionpack-4.2.2/lib/action_dispatch/middleware/templates/rescues/_request_and_response.html.erb (0.8ms)
  Rendered /Users/bstoecker/.rbenv/versions/2.2.2/lib/ruby/gems/2.2.0/gems/actionpack-4.2.2/lib/action_dispatch/middleware/templates/rescues/template_error.html.erb within rescues/layout (64.8ms)
  Rendered /Users/bstoecker/.rbenv/versions/2.2.2/lib/ruby/gems/2.2.0/gems/web-console-2.1.3/lib/web_console/templates/_markup.html.erb (0.3ms)
  Rendered /Users/bstoecker/.rbenv/versions/2.2.2/lib/ruby/gems/2.2.0/gems/web-console-2.1.3/lib/web_console/templates/style.css.erb within layouts/inlined_string (0.3ms)
  Rendered /Users/bstoecker/.rbenv/versions/2.2.2/lib/ruby/gems/2.2.0/gems/web-console-2.1.3/lib/web_console/templates/_inner_console_markup.html.erb within layouts/inlined_string (0.3ms)
  Rendered /Users/bstoecker/.rbenv/versions/2.2.2/lib/ruby/gems/2.2.0/gems/web-console-2.1.3/lib/web_console/templates/_prompt_box_markup.html.erb within layouts/inlined_string (0.3ms)
  Rendered /Users/bstoecker/.rbenv/versions/2.2.2/lib/ruby/gems/2.2.0/gems/web-console-2.1.3/lib/web_console/templates/console.js.erb within layouts/javascript (52.9ms)
  Rendered /Users/bstoecker/.rbenv/versions/2.2.2/lib/ruby/gems/2.2.0/gems/web-console-2.1.3/lib/web_console/templates/main.js.erb within layouts/javascript (0.3ms)
  Rendered /Users/bstoecker/.rbenv/versions/2.2.2/lib/ruby/gems/2.2.0/gems/web-console-2.1.3/lib/web_console/templates/error_page.js.erb within layouts/javascript (0.3ms)
  Rendered /Users/bstoecker/.rbenv/versions/2.2.2/lib/ruby/gems/2.2.0/gems/web-console-2.1.3/lib/web_console/templates/index.html.erb (115.7ms)


Started GET "/bikes" for ::1 at 2015-07-09 03:54:12 +0200
Processing by BikesController#index as HTML
  Rendered bikes/index.html.erb within layouts/application (0.1ms)
Completed 200 OK in 7ms (Views: 6.0ms | ActiveRecord: 0.0ms)


Started GET "/assets/application.css" for ::1 at 2015-07-09 03:54:12 +0200


Started GET "/assets/application.js" for ::1 at 2015-07-09 03:54:12 +0200


Started GET "/bikes/1" for ::1 at 2015-07-09 03:54:21 +0200
Processing by BikesController#show as HTML
  Parameters: {"id"=>"1"}
  Rendered bikes/show.html.erb within layouts/application (0.0ms)
Completed 200 OK in 6ms (Views: 5.0ms | ActiveRecord: 0.0ms)


Started GET "/assets/application.css" for ::1 at 2015-07-09 03:54:21 +0200


Started GET "/assets/application.js" for ::1 at 2015-07-09 03:54:21 +0200


Started GET "/bikes/1" for ::1 at 2015-07-09 03:55:11 +0200
Processing by BikesController#show as HTML
  Parameters: {"id"=>"1"}
  Rendered bikes/show.html.erb within layouts/application (1.8ms)
Completed 500 Internal Server Error in 5ms (ActiveRecord: 0.0ms)

ActionView::Template::Error (undefined method `number_of_gears' for 21:Fixnum):
     9: </div>
    10: <div>
    11:   Gear Data:
    12:     <span> Number of gears: <%= @bike.gears.number_of_gears %> </span>
    13:     <span> Number of gears: <%= @bike.gears.producer %> </span>
    14:     <span> Number of gears: <%= @bike.gears.type %> </span>
    15: </div>
  app/views/bikes/show.html.erb:12:in `_app_views_bikes_show_html_erb__2607325650863600005_70146933797980'


  Rendered /Users/bstoecker/.rbenv/versions/2.2.2/lib/ruby/gems/2.2.0/gems/actionpack-4.2.2/lib/action_dispatch/middleware/templates/rescues/_source.erb (6.2ms)
  Rendered /Users/bstoecker/.rbenv/versions/2.2.2/lib/ruby/gems/2.2.0/gems/actionpack-4.2.2/lib/action_dispatch/middleware/templates/rescues/_trace.html.erb (3.5ms)
  Rendered /Users/bstoecker/.rbenv/versions/2.2.2/lib/ruby/gems/2.2.0/gems/actionpack-4.2.2/lib/action_dispatch/middleware/templates/rescues/_request_and_response.html.erb (1.1ms)
  Rendered /Users/bstoecker/.rbenv/versions/2.2.2/lib/ruby/gems/2.2.0/gems/actionpack-4.2.2/lib/action_dispatch/middleware/templates/rescues/template_error.html.erb within rescues/layout (61.4ms)
  Rendered /Users/bstoecker/.rbenv/versions/2.2.2/lib/ruby/gems/2.2.0/gems/web-console-2.1.3/lib/web_console/templates/_markup.html.erb (0.5ms)
  Rendered /Users/bstoecker/.rbenv/versions/2.2.2/lib/ruby/gems/2.2.0/gems/web-console-2.1.3/lib/web_console/templates/style.css.erb within layouts/inlined_string (0.3ms)
  Rendered /Users/bstoecker/.rbenv/versions/2.2.2/lib/ruby/gems/2.2.0/gems/web-console-2.1.3/lib/web_console/templates/_inner_console_markup.html.erb within layouts/inlined_string (0.3ms)
  Rendered /Users/bstoecker/.rbenv/versions/2.2.2/lib/ruby/gems/2.2.0/gems/web-console-2.1.3/lib/web_console/templates/_prompt_box_markup.html.erb within layouts/inlined_string (0.9ms)
  Rendered /Users/bstoecker/.rbenv/versions/2.2.2/lib/ruby/gems/2.2.0/gems/web-console-2.1.3/lib/web_console/templates/console.js.erb within layouts/javascript (51.6ms)
  Rendered /Users/bstoecker/.rbenv/versions/2.2.2/lib/ruby/gems/2.2.0/gems/web-console-2.1.3/lib/web_console/templates/main.js.erb within layouts/javascript (0.4ms)
  Rendered /Users/bstoecker/.rbenv/versions/2.2.2/lib/ruby/gems/2.2.0/gems/web-console-2.1.3/lib/web_console/templates/error_page.js.erb within layouts/javascript (0.4ms)
  Rendered /Users/bstoecker/.rbenv/versions/2.2.2/lib/ruby/gems/2.2.0/gems/web-console-2.1.3/lib/web_console/templates/index.html.erb (120.9ms)


Started GET "/bikes/1" for ::1 at 2015-07-09 03:55:53 +0200
Processing by BikesController#show as HTML
  Parameters: {"id"=>"1"}
  Rendered bikes/show.html.erb within layouts/application (0.1ms)
Completed 200 OK in 8ms (Views: 6.9ms | ActiveRecord: 0.0ms)


Started GET "/assets/application.css" for ::1 at 2015-07-09 03:55:53 +0200


Started GET "/assets/application.js" for ::1 at 2015-07-09 03:55:53 +0200


Started GET "/bikes" for ::1 at 2015-07-09 04:06:32 +0200
Processing by BikesController#index as HTML
  Rendered bikes/index.html.erb within layouts/application (0.1ms)
Completed 200 OK in 9ms (Views: 8.2ms | ActiveRecord: 0.0ms)


Started GET "/assets/application.css" for ::1 at 2015-07-09 04:06:32 +0200


Started GET "/assets/application.js" for ::1 at 2015-07-09 04:06:32 +0200


Started GET "/bikes/1" for ::1 at 2015-07-09 04:15:57 +0200

SyntaxError (/Users/bstoecker/Ruby/azubi/app/controllers/bikes_controller.rb:11: syntax error, unexpected ')', expecting ']'
      ),
       ^
/Users/bstoecker/Ruby/azubi/app/controllers/bikes_controller.rb:16: syntax error, unexpected ',', expecting keyword_end
/Users/bstoecker/Ruby/azubi/app/controllers/bikes_controller.rb:18: syntax error, unexpected ')', expecting keyword_end
/Users/bstoecker/Ruby/azubi/app/controllers/bikes_controller.rb:29: syntax error, unexpected tLABEL
      type: 'Mountain Bike',
           ^
/Users/bstoecker/Ruby/azubi/app/controllers/bikes_controller.rb:29: syntax error, unexpected ',', expecting keyword_end):
  app/controllers/bikes_controller.rb:11: syntax error, unexpected ')', expecting ']'
  app/controllers/bikes_controller.rb:16: syntax error, unexpected ',', expecting keyword_end
  app/controllers/bikes_controller.rb:18: syntax error, unexpected ')', expecting keyword_end
  app/controllers/bikes_controller.rb:29: syntax error, unexpected tLABEL
  app/controllers/bikes_controller.rb:29: syntax error, unexpected ',', expecting keyword_end


  Rendered /Users/bstoecker/.rbenv/versions/2.2.2/lib/ruby/gems/2.2.0/gems/actionpack-4.2.2/lib/action_dispatch/middleware/templates/rescues/_source.erb (6.0ms)
  Rendered /Users/bstoecker/.rbenv/versions/2.2.2/lib/ruby/gems/2.2.0/gems/actionpack-4.2.2/lib/action_dispatch/middleware/templates/rescues/_trace.html.erb (1.8ms)
  Rendered /Users/bstoecker/.rbenv/versions/2.2.2/lib/ruby/gems/2.2.0/gems/actionpack-4.2.2/lib/action_dispatch/middleware/templates/rescues/_request_and_response.html.erb (1.9ms)
  Rendered /Users/bstoecker/.rbenv/versions/2.2.2/lib/ruby/gems/2.2.0/gems/actionpack-4.2.2/lib/action_dispatch/middleware/templates/rescues/diagnostics.html.erb within rescues/layout (66.6ms)
  Rendered /Users/bstoecker/.rbenv/versions/2.2.2/lib/ruby/gems/2.2.0/gems/web-console-2.1.3/lib/web_console/templates/_markup.html.erb (1.0ms)
  Rendered /Users/bstoecker/.rbenv/versions/2.2.2/lib/ruby/gems/2.2.0/gems/web-console-2.1.3/lib/web_console/templates/style.css.erb within layouts/inlined_string (0.3ms)
  Rendered /Users/bstoecker/.rbenv/versions/2.2.2/lib/ruby/gems/2.2.0/gems/web-console-2.1.3/lib/web_console/templates/_inner_console_markup.html.erb within layouts/inlined_string (0.3ms)
  Rendered /Users/bstoecker/.rbenv/versions/2.2.2/lib/ruby/gems/2.2.0/gems/web-console-2.1.3/lib/web_console/templates/_prompt_box_markup.html.erb within layouts/inlined_string (0.6ms)
  Rendered /Users/bstoecker/.rbenv/versions/2.2.2/lib/ruby/gems/2.2.0/gems/web-console-2.1.3/lib/web_console/templates/console.js.erb within layouts/javascript (60.6ms)
  Rendered /Users/bstoecker/.rbenv/versions/2.2.2/lib/ruby/gems/2.2.0/gems/web-console-2.1.3/lib/web_console/templates/main.js.erb within layouts/javascript (0.8ms)
  Rendered /Users/bstoecker/.rbenv/versions/2.2.2/lib/ruby/gems/2.2.0/gems/web-console-2.1.3/lib/web_console/templates/error_page.js.erb within layouts/javascript (0.8ms)
  Rendered /Users/bstoecker/.rbenv/versions/2.2.2/lib/ruby/gems/2.2.0/gems/web-console-2.1.3/lib/web_console/templates/index.html.erb (132.5ms)


Started GET "/bikes/1" for ::1 at 2015-07-09 04:16:32 +0200

SyntaxError (/Users/bstoecker/Ruby/azubi/app/controllers/bikes_controller.rb:17: syntax error, unexpected ')', expecting ']'
/Users/bstoecker/Ruby/azubi/app/controllers/bikes_controller.rb:31: syntax error, unexpected end-of-input, expecting keyword_end):
  app/controllers/bikes_controller.rb:17: syntax error, unexpected ')', expecting ']'
  app/controllers/bikes_controller.rb:31: syntax error, unexpected end-of-input, expecting keyword_end


  Rendered /Users/bstoecker/.rbenv/versions/2.2.2/lib/ruby/gems/2.2.0/gems/actionpack-4.2.2/lib/action_dispatch/middleware/templates/rescues/_source.erb (3.9ms)
  Rendered /Users/bstoecker/.rbenv/versions/2.2.2/lib/ruby/gems/2.2.0/gems/actionpack-4.2.2/lib/action_dispatch/middleware/templates/rescues/_trace.html.erb (1.7ms)
  Rendered /Users/bstoecker/.rbenv/versions/2.2.2/lib/ruby/gems/2.2.0/gems/actionpack-4.2.2/lib/action_dispatch/middleware/templates/rescues/_request_and_response.html.erb (1.3ms)
  Rendered /Users/bstoecker/.rbenv/versions/2.2.2/lib/ruby/gems/2.2.0/gems/actionpack-4.2.2/lib/action_dispatch/middleware/templates/rescues/diagnostics.html.erb within rescues/layout (57.6ms)
  Rendered /Users/bstoecker/.rbenv/versions/2.2.2/lib/ruby/gems/2.2.0/gems/web-console-2.1.3/lib/web_console/templates/_markup.html.erb (0.4ms)
  Rendered /Users/bstoecker/.rbenv/versions/2.2.2/lib/ruby/gems/2.2.0/gems/web-console-2.1.3/lib/web_console/templates/style.css.erb within layouts/inlined_string (0.4ms)
  Rendered /Users/bstoecker/.rbenv/versions/2.2.2/lib/ruby/gems/2.2.0/gems/web-console-2.1.3/lib/web_console/templates/_inner_console_markup.html.erb within layouts/inlined_string (0.3ms)
  Rendered /Users/bstoecker/.rbenv/versions/2.2.2/lib/ruby/gems/2.2.0/gems/web-console-2.1.3/lib/web_console/templates/_prompt_box_markup.html.erb within layouts/inlined_string (0.4ms)
  Rendered /Users/bstoecker/.rbenv/versions/2.2.2/lib/ruby/gems/2.2.0/gems/web-console-2.1.3/lib/web_console/templates/console.js.erb within layouts/javascript (51.2ms)
  Rendered /Users/bstoecker/.rbenv/versions/2.2.2/lib/ruby/gems/2.2.0/gems/web-console-2.1.3/lib/web_console/templates/main.js.erb within layouts/javascript (0.4ms)
  Rendered /Users/bstoecker/.rbenv/versions/2.2.2/lib/ruby/gems/2.2.0/gems/web-console-2.1.3/lib/web_console/templates/error_page.js.erb within layouts/javascript (0.4ms)
  Rendered /Users/bstoecker/.rbenv/versions/2.2.2/lib/ruby/gems/2.2.0/gems/web-console-2.1.3/lib/web_console/templates/index.html.erb (116.6ms)


Started GET "/bikes/1" for ::1 at 2015-07-09 04:16:43 +0200
Processing by BikesController#show as HTML
  Parameters: {"id"=>"1"}
  Rendered bikes/show.html.erb within layouts/application (0.4ms)
Completed 200 OK in 9ms (Views: 7.0ms | ActiveRecord: 0.0ms)


Started GET "/assets/application.css" for ::1 at 2015-07-09 04:16:43 +0200


Started GET "/assets/application.js" for ::1 at 2015-07-09 04:16:43 +0200


Started GET "/bikes/" for ::1 at 2015-07-09 04:16:51 +0200
Processing by BikesController#index as HTML
  Rendered bikes/index.html.erb within layouts/application (1.8ms)
Completed 200 OK in 16ms (Views: 15.6ms | ActiveRecord: 0.0ms)


Started GET "/assets/application.css" for ::1 at 2015-07-09 04:16:51 +0200


Started GET "/assets/application.js" for ::1 at 2015-07-09 04:16:51 +0200
